<?xml version="1.0" encoding="UTF-8" standalone="no"?>
<!DOCTYPE log SYSTEM "logger.dtd">
<log>
<record>
  <date>2023-08-25T10:09:43.965-0300</date>
  <logger>EMANUEL VINICIUS SA DE LIMA E LIMA</logger>
  <level>FINE</level>
  <message>File 120210785-EMANUEL VINICIUS SA DE LIMA E LIMA.zip was received. It was sent by EMANUEL VINICIUS SA DE LIMA E LIMA from IP 150.165.42.109 at 25-08-2023 10*09*43</message>
</record>
</log>
<?xml version="1.0" encoding="UTF-8" standalone="no"?>
<!DOCTYPE log SYSTEM "logger.dtd">
<log>
<record>
  <date>2023-08-25T11:21:42.683-0300</date>
  <logger>EMANUEL VINICIUS SA DE LIMA E LIMA</logger>
  <level>FINE</level>
  <message>File 120210785-EMANUEL VINICIUS SA DE LIMA E LIMA.zip was received. It was sent by EMANUEL VINICIUS SA DE LIMA E LIMA from IP 150.165.42.109 at 25-08-2023 11*21*42</message>
</record>
</log>
<?xml version="1.0" encoding="UTF-8" standalone="no"?>
<!DOCTYPE log SYSTEM "logger.dtd">
<log>
<record>
  <date>2023-08-25T11:24:51.017-0300</date>
  <logger>EMANUEL VINICIUS SA DE LIMA E LIMA</logger>
  <level>FINE</level>
  <message>File 120210785-EMANUEL VINICIUS SA DE LIMA E LIMA.zip was received. It was sent by EMANUEL VINICIUS SA DE LIMA E LIMA from IP 150.165.42.109 at 25-08-2023 11*24*50</message>
</record>
