<?xml version="1.0" encoding="UTF-8" standalone="no"?>
<!DOCTYPE log SYSTEM "logger.dtd">
<log>
<record>
  <date>2023-08-11T10:27:21.526-0300</date>
  <logger>EMANUEL VINICIUS SA DE LIMA E LIMA</logger>
  <level>FINE</level>
  <message>File 120210785-EMANUEL VINICIUS SA DE LIMA E LIMA.zip was received. It was sent by EMANUEL VINICIUS SA DE LIMA E LIMA from IP 150.165.42.110 at 11-08-2023 10*27*21</message>
</record>
</log>
<?xml version="1.0" encoding="UTF-8" standalone="no"?>
<!DOCTYPE log SYSTEM "logger.dtd">
<log>
<record>
  <date>2023-08-11T10:46:49.253-0300</date>
  <logger>EMANUEL VINICIUS SA DE LIMA E LIMA</logger>
  <level>FINE</level>
  <message>File 120210785-EMANUEL VINICIUS SA DE LIMA E LIMA.zip was received. It was sent by EMANUEL VINICIUS SA DE LIMA E LIMA from IP 150.165.42.110 at 11-08-2023 10*46*48</message>
</record>
</log>
<?xml version="1.0" encoding="UTF-8" standalone="no"?>
<!DOCTYPE log SYSTEM "logger.dtd">
<log>
<record>
  <date>2023-08-11T11:51:47.744-0300</date>
  <logger>EMANUEL VINICIUS SA DE LIMA E LIMA</logger>
  <level>FINE</level>
  <message>File 120210785-EMANUEL VINICIUS SA DE LIMA E LIMA.zip was received. It was sent by EMANUEL VINICIUS SA DE LIMA E LIMA from IP 150.165.42.110 at 11-08-2023 11*51*47</message>
</record>
</log>
<?xml version="1.0" encoding="UTF-8" standalone="no"?>
<!DOCTYPE log SYSTEM "logger.dtd">
<log>
<record>
  <date>2023-08-11T11:54:06.624-0300</date>
  <logger>EMANUEL VINICIUS SA DE LIMA E LIMA</logger>
  <level>FINE</level>
  <message>File 120210785-EMANUEL VINICIUS SA DE LIMA E LIMA.zip was received. It was sent by EMANUEL VINICIUS SA DE LIMA E LIMA from IP 150.165.42.110 at 11-08-2023 11*54*06</message>
</record>
</log>
<?xml version="1.0" encoding="UTF-8" standalone="no"?>
<!DOCTYPE log SYSTEM "logger.dtd">
<log>
<record>
  <date>2023-08-16T08:52:33.572-0300</date>
  <logger>EMANUEL VINICIUS SA DE LIMA E LIMA</logger>
  <level>FINE</level>
  <message>File 120210785-EMANUEL VINICIUS SA DE LIMA E LIMA.zip was received. It was sent by EMANUEL VINICIUS SA DE LIMA E LIMA from IP 150.165.42.108 at 16-08-2023 08*52*33</message>
</record>
</log>
<?xml version="1.0" encoding="UTF-8" standalone="no"?>
<!DOCTYPE log SYSTEM "logger.dtd">
<log>
<record>
  <date>2023-08-16T08:58:27.284-0300</date>
  <logger>EMANUEL VINICIUS SA DE LIMA E LIMA</logger>
  <level>FINE</level>
  <message>File 120210785-EMANUEL VINICIUS SA DE LIMA E LIMA.zip was received. It was sent by EMANUEL VINICIUS SA DE LIMA E LIMA from IP 150.165.42.108 at 16-08-2023 08*58*26</message>
</record>
